<?xml version="1.0" encoding="UTF-8"?>
<testng-results skipped="0" failed="0" total="1" passed="1">
  <reporter-output>
  </reporter-output>
  <suite name="Suite" duration-ms="31" started-at="2017-04-05T07:08:52Z" finished-at="2017-04-05T07:08:52Z">
    <groups>
    </groups>
    <test name="Test" duration-ms="31" started-at="2017-04-05T07:08:52Z" finished-at="2017-04-05T07:08:52Z">
      <class name="com.cisco.cpnr.diana.testmaven.AppTest">
        <test-method status="PASS" signature="test()[pri:0, instance:com.cisco.cpnr.diana.testmaven.AppTest@234bef66]" name="test" duration-ms="15" started-at="2017-04-05T12:38:52Z" finished-at="2017-04-05T12:38:52Z">
          <reporter-output>
          </reporter-output>
        </test-method> <!-- test -->
      </class> <!-- com.cisco.cpnr.diana.testmaven.AppTest -->
    </test> <!-- Test -->
  </suite> <!-- Suite -->
</testng-results>
